<?xml version="1.0" encoding="UTF-8"?>
<!-- Generated by org.testng.reporters.JUnitReportReporter -->
<testsuite hostname="MSI" failures="0" tests="3" name="com.ecom.webapp.Testing" time="104.894" errors="0" timestamp="2022-10-03T20:01:16 IST" skipped="0">
  <testcase classname="com.ecom.webapp.Testing" name="register" time="40.129"/>
  <system-out/>
  <testcase classname="com.ecom.webapp.Testing" name="login" time="23.503"/>
  <system-out/>
  <testcase classname="com.ecom.webapp.Testing" name="addToCart" time="41.262"/>
  <system-out/>
</testsuite> <!-- com.ecom.webapp.Testing -->
